Arguments: 
  /usr/local/Cellar/node/10.11.0/bin/node /usr/local/Cellar/yarn/1.10.1/libexec/bin/yarn.js

PATH: 
  /usr/local/bin:/usr/bin:/bin:/usr/sbin:/sbin

Yarn version: 
  1.10.1

Node version: 
  10.11.0

Platform: 
  darwin x64

Trace: 
  SyntaxError: /Users/piotr/Projects/nodejs-express-api/package.json: Unexpected token } in JSON at position 1368
      at JSON.parse (<anonymous>)
      at /usr/local/Cellar/yarn/1.10.1/libexec/lib/cli.js:1136:59
      at Generator.next (<anonymous>)
      at step (/usr/local/Cellar/yarn/1.10.1/libexec/lib/cli.js:98:30)
      at /usr/local/Cellar/yarn/1.10.1/libexec/lib/cli.js:109:13

npm manifest: 
  {
      "name": "nodejs-express-api",
      "version": "1.0.0",
      "description": "",
      "main": "index.js",
      "scripts": {
          "dev": "nodemon ./app/index.js --exec babel-node -e js",
          "build": "babel -d ./build ./app",
          "prebuild": "rm -rf build/*",
          "start": "NODE_ENV=production node ./build/index.js",
          "test": "NODE_ENV=test mocha --require babel-core/register --require babel-polyfill ./app/test/",
          "testp": "NODE_ENV=test mocha --require babel-core/register --require babel-polyfill --"
      },
      "author": "",
      "license": "ISC",
      "dependencies": {
          "axios": "^0.18.0",
          "babel-core": "^6.26.3",
          "babel-loader": "^8.0.4",
          "bcryptjs": "^2.4.3",
          "body-parser": "^1.18.3",
          "express": "^4.16.3",
          "express-bearer-token": "^2.2.0",
          "express-validator": "^5.3.0",
          "faker": "^4.1.0",
          "jsonwebtoken": "^8.3.0",
          "moment": "^2.22.2",
          "mysql2": "^1.6.1",
          "nodemon": "^1.18.4",
          "sequelize": "^4.39.0",
          "sequelize-cli": "^4.1.1"
      },
      "devDependencies": {
          "babel-cli": "^6.26.0",
          "babel-polyfill": "^6.26.0",
          "babel-preset-es2015": "^6.24.1",
          "babel-preset-stage-0": "^6.24.1",
          "babel-register": "^6.26.0",
          "chai": "^4.2.0",
          "mocha": "^5.2.0",
      }
  }

yarn manifest: 
  No manifest

Lockfile: 
  No lockfile
